ARM GAS  /tmp/cc3FN9Tk.s 			page 1


   1              		.cpu cortex-m3
   2              		.arch armv7-m
   3              		.fpu softvfp
   4              		.eabi_attribute 20, 1
   5              		.eabi_attribute 21, 1
   6              		.eabi_attribute 23, 3
   7              		.eabi_attribute 24, 1
   8              		.eabi_attribute 25, 1
   9              		.eabi_attribute 26, 1
  10              		.eabi_attribute 30, 1
  11              		.eabi_attribute 34, 1
  12              		.eabi_attribute 18, 4
  13              		.file	"gpio.c"
  14              		.text
  15              	.Ltext0:
  16              		.cfi_sections	.debug_frame
  17              		.section	.text.led_init,"ax",%progbits
  18              		.align	1
  19              		.global	led_init
  20              		.syntax unified
  21              		.thumb
  22              		.thumb_func
  24              	led_init:
  25              	.LFB72:
  26              		.file 1 "Core/Src/gpio.c"
   1:Core/Src/gpio.c **** 
   2:Core/Src/gpio.c **** #include "stm32l1xx.h"
   3:Core/Src/gpio.c **** #include "gpio.h"
   4:Core/Src/gpio.c **** 
   5:Core/Src/gpio.c **** void led_init(void)
   6:Core/Src/gpio.c **** {
  27              		.loc 1 6 1 view -0
  28              		.cfi_startproc
  29              		@ args = 0, pretend = 0, frame = 0
  30              		@ frame_needed = 0, uses_anonymous_args = 0
  31              		@ link register save eliminated.
   7:Core/Src/gpio.c ****     RCC->AHBENR |= RCC_AHBENR_GPIOBEN;      //Clock enable for GPIOB
  32              		.loc 1 7 5 view .LVU1
  33              		.loc 1 7 17 is_stmt 0 view .LVU2
  34 0000 074A     		ldr	r2, .L2
  35 0002 D369     		ldr	r3, [r2, #28]
  36 0004 43F00203 		orr	r3, r3, #2
  37 0008 D361     		str	r3, [r2, #28]
   8:Core/Src/gpio.c ****     GPIOB->MODER &= GPIO_MODER_MODER7;      //Reser PB7 bits in GPIO_MODER register
  38              		.loc 1 8 5 is_stmt 1 view .LVU3
  39              		.loc 1 8 18 is_stmt 0 view .LVU4
  40 000a 064B     		ldr	r3, .L2+4
  41 000c 1A68     		ldr	r2, [r3]
  42 000e 02F44042 		and	r2, r2, #49152
  43 0012 1A60     		str	r2, [r3]
   9:Core/Src/gpio.c ****     GPIOB->MODER |= GPIO_MODER_MODER7_0;    //Enable output mode for PB7
  44              		.loc 1 9 5 is_stmt 1 view .LVU5
  45              		.loc 1 9 18 is_stmt 0 view .LVU6
  46 0014 1A68     		ldr	r2, [r3]
  47 0016 42F48042 		orr	r2, r2, #16384
  48 001a 1A60     		str	r2, [r3]
  10:Core/Src/gpio.c **** 
ARM GAS  /tmp/cc3FN9Tk.s 			page 2


  11:Core/Src/gpio.c **** }...
  49              		.loc 1 11 1 view .LVU7
  50 001c 7047     		bx	lr
  51              	.L3:
  52 001e 00BF     		.align	2
  53              	.L2:
  54 0020 00380240 		.word	1073887232
  55 0024 00040240 		.word	1073873920
  56              		.cfi_endproc
  57              	.LFE72:
  59              		.text
  60              	.Letext0:
  61              		.file 2 "/home/seradya/toolchains/gcc-arm-none-eabi-10.3-2021.10/arm-none-eabi/include/machine/_de
  62              		.file 3 "/home/seradya/toolchains/gcc-arm-none-eabi-10.3-2021.10/arm-none-eabi/include/sys/_stdint
  63              		.file 4 "Drivers/CMSIS/Device/ST/STM32L1xx/Include/stm32l152xc.h"
ARM GAS  /tmp/cc3FN9Tk.s 			page 3


DEFINED SYMBOLS
                            *ABS*:0000000000000000 gpio.c
     /tmp/cc3FN9Tk.s:18     .text.led_init:0000000000000000 $t
     /tmp/cc3FN9Tk.s:24     .text.led_init:0000000000000000 led_init
     /tmp/cc3FN9Tk.s:54     .text.led_init:0000000000000020 $d

NO UNDEFINED SYMBOLS
