ARM GAS  /tmp/ccuAZpFg.s 			page 1


   1              		.cpu cortex-m3
   2              		.arch armv7-m
   3              		.fpu softvfp
   4              		.eabi_attribute 20, 1
   5              		.eabi_attribute 21, 1
   6              		.eabi_attribute 23, 3
   7              		.eabi_attribute 24, 1
   8              		.eabi_attribute 25, 1
   9              		.eabi_attribute 26, 1
  10              		.eabi_attribute 30, 1
  11              		.eabi_attribute 34, 1
  12              		.eabi_attribute 18, 4
  13              		.file	"main.c"
  14              		.text
  15              	.Ltext0:
  16              		.cfi_sections	.debug_frame
  17              		.section	.text.ExecuteCommand,"ax",%progbits
  18              		.align	1
  19              		.global	ExecuteCommand
  20              		.syntax unified
  21              		.thumb
  22              		.thumb_func
  24              	ExecuteCommand:
  25              	.LFB73:
  26              		.file 1 "Core/Src/main.c"
   1:Core/Src/main.c **** 
   2:Core/Src/main.c **** #include <string.h>
   3:Core/Src/main.c **** #include <stdbool.h>
   4:Core/Src/main.c **** #include "main.h"
   5:Core/Src/main.c **** #include "gpio.h"
   6:Core/Src/main.c **** #include "rcc.h"
   7:Core/Src/main.c **** #include "usart.h"
   8:Core/Src/main.c **** 
   9:Core/Src/main.c **** bool CommandRecieved;
  10:Core/Src/main.c **** char RxBuffer[256];
  11:Core/Src/main.c **** char TxBuffer[256];
  12:Core/Src/main.c **** 
  13:Core/Src/main.c **** int main(void)
  14:Core/Src/main.c **** {
  15:Core/Src/main.c **** 
  16:Core/Src/main.c ****   memset(RxBuffer,0,256);
  17:Core/Src/main.c ****   sysclk_init();        //System clock initializing 
  18:Core/Src/main.c ****   led_init();           //Initializing GPIO port for led
  19:Core/Src/main.c ****   tim2_init();          //initializing TIM2
  20:Core/Src/main.c ****   btn_init();           //User button initializingd
  21:Core/Src/main.c ****   usart_init();         //USART2 initialization
  22:Core/Src/main.c **** 
  23:Core/Src/main.c ****   while(true)
  24:Core/Src/main.c ****   {
  25:Core/Src/main.c ****     if(CommandRecieved)
  26:Core/Src/main.c ****     {
  27:Core/Src/main.c ****       ExecuteCommand();
  28:Core/Src/main.c ****     }
  29:Core/Src/main.c ****   }
  30:Core/Src/main.c **** 
  31:Core/Src/main.c **** 
  32:Core/Src/main.c **** }
ARM GAS  /tmp/ccuAZpFg.s 			page 2


  33:Core/Src/main.c **** 
  34:Core/Src/main.c **** void ExecuteCommand(void)
  35:Core/Src/main.c **** {
  27              		.loc 1 35 1 view -0
  28              		.cfi_startproc
  29              		@ args = 0, pretend = 0, frame = 0
  30              		@ frame_needed = 0, uses_anonymous_args = 0
  31 0000 38B5     		push	{r3, r4, r5, lr}
  32              	.LCFI0:
  33              		.cfi_def_cfa_offset 16
  34              		.cfi_offset 3, -16
  35              		.cfi_offset 4, -12
  36              		.cfi_offset 5, -8
  37              		.cfi_offset 14, -4
  36:Core/Src/main.c ****   CommandRecieved = false;
  38              		.loc 1 36 3 view .LVU1
  39              		.loc 1 36 19 is_stmt 0 view .LVU2
  40 0002 0025     		movs	r5, #0
  41 0004 064B     		ldr	r3, .L3
  42 0006 1D70     		strb	r5, [r3]
  37:Core/Src/main.c ****   SendString(RxBuffer);
  43              		.loc 1 37 3 is_stmt 1 view .LVU3
  44 0008 064C     		ldr	r4, .L3+4
  45 000a 2046     		mov	r0, r4
  46 000c FFF7FEFF 		bl	SendString
  47              	.LVL0:
  38:Core/Src/main.c ****   memset(RxBuffer,0,256);
  48              		.loc 1 38 3 view .LVU4
  49 0010 4FF48072 		mov	r2, #256
  50 0014 2946     		mov	r1, r5
  51 0016 2046     		mov	r0, r4
  52 0018 FFF7FEFF 		bl	memset
  53              	.LVL1:
  39:Core/Src/main.c **** }
  54              		.loc 1 39 1 is_stmt 0 view .LVU5
  55 001c 38BD     		pop	{r3, r4, r5, pc}
  56              	.L4:
  57 001e 00BF     		.align	2
  58              	.L3:
  59 0020 00000000 		.word	.LANCHOR0
  60 0024 00000000 		.word	.LANCHOR1
  61              		.cfi_endproc
  62              	.LFE73:
  64              		.section	.text.main,"ax",%progbits
  65              		.align	1
  66              		.global	main
  67              		.syntax unified
  68              		.thumb
  69              		.thumb_func
  71              	main:
  72              	.LFB72:
  14:Core/Src/main.c **** 
  73              		.loc 1 14 1 is_stmt 1 view -0
  74              		.cfi_startproc
  75              		@ Volatile: function does not return.
  76              		@ args = 0, pretend = 0, frame = 0
  77              		@ frame_needed = 0, uses_anonymous_args = 0
ARM GAS  /tmp/ccuAZpFg.s 			page 3


  78 0000 08B5     		push	{r3, lr}
  79              	.LCFI1:
  80              		.cfi_def_cfa_offset 8
  81              		.cfi_offset 3, -8
  82              		.cfi_offset 14, -4
  16:Core/Src/main.c ****   sysclk_init();        //System clock initializing 
  83              		.loc 1 16 3 view .LVU7
  84 0002 4FF48072 		mov	r2, #256
  85 0006 0021     		movs	r1, #0
  86 0008 0948     		ldr	r0, .L9
  87 000a FFF7FEFF 		bl	memset
  88              	.LVL2:
  17:Core/Src/main.c ****   led_init();           //Initializing GPIO port for led
  89              		.loc 1 17 3 view .LVU8
  90 000e FFF7FEFF 		bl	sysclk_init
  91              	.LVL3:
  18:Core/Src/main.c ****   tim2_init();          //initializing TIM2
  92              		.loc 1 18 3 view .LVU9
  93 0012 FFF7FEFF 		bl	led_init
  94              	.LVL4:
  19:Core/Src/main.c ****   btn_init();           //User button initializingd
  95              		.loc 1 19 3 view .LVU10
  96 0016 FFF7FEFF 		bl	tim2_init
  97              	.LVL5:
  20:Core/Src/main.c ****   usart_init();         //USART2 initialization
  98              		.loc 1 20 3 view .LVU11
  99 001a FFF7FEFF 		bl	btn_init
 100              	.LVL6:
  21:Core/Src/main.c **** 
 101              		.loc 1 21 3 view .LVU12
 102 001e FFF7FEFF 		bl	usart_init
 103              	.LVL7:
 104              	.L6:
  23:Core/Src/main.c ****   {
 105              		.loc 1 23 3 view .LVU13
  25:Core/Src/main.c ****     {
 106              		.loc 1 25 5 view .LVU14
  25:Core/Src/main.c ****     {
 107              		.loc 1 25 8 is_stmt 0 view .LVU15
 108 0022 044B     		ldr	r3, .L9+4
 109 0024 1B78     		ldrb	r3, [r3]	@ zero_extendqisi2
  25:Core/Src/main.c ****     {
 110              		.loc 1 25 7 view .LVU16
 111 0026 002B     		cmp	r3, #0
 112 0028 FBD0     		beq	.L6
  27:Core/Src/main.c ****     }
 113              		.loc 1 27 7 is_stmt 1 view .LVU17
 114 002a FFF7FEFF 		bl	ExecuteCommand
 115              	.LVL8:
 116 002e F8E7     		b	.L6
 117              	.L10:
 118              		.align	2
 119              	.L9:
 120 0030 00000000 		.word	.LANCHOR1
 121 0034 00000000 		.word	.LANCHOR0
 122              		.cfi_endproc
 123              	.LFE72:
ARM GAS  /tmp/ccuAZpFg.s 			page 4


 125              		.section	.text.delay,"ax",%progbits
 126              		.align	1
 127              		.global	delay
 128              		.syntax unified
 129              		.thumb
 130              		.thumb_func
 132              	delay:
 133              	.LVL9:
 134              	.LFB74:
  40:Core/Src/main.c **** 
  41:Core/Src/main.c **** void delay(uint32_t value)
  42:Core/Src/main.c **** {
 135              		.loc 1 42 1 view -0
 136              		.cfi_startproc
 137              		@ args = 0, pretend = 0, frame = 8
 138              		@ frame_needed = 0, uses_anonymous_args = 0
 139              		@ link register save eliminated.
 140              		.loc 1 42 1 is_stmt 0 view .LVU19
 141 0000 82B0     		sub	sp, sp, #8
 142              	.LCFI2:
 143              		.cfi_def_cfa_offset 8
  43:Core/Src/main.c ****   for(volatile uint32_t i = 0; i < value; i++);
 144              		.loc 1 43 3 is_stmt 1 view .LVU20
 145              	.LBB2:
 146              		.loc 1 43 7 view .LVU21
 147              		.loc 1 43 25 is_stmt 0 view .LVU22
 148 0002 0023     		movs	r3, #0
 149 0004 0193     		str	r3, [sp, #4]
 150              		.loc 1 43 3 view .LVU23
 151 0006 02E0     		b	.L12
 152              	.L13:
 153              		.loc 1 43 47 is_stmt 1 discriminator 3 view .LVU24
 154              		.loc 1 43 43 discriminator 3 view .LVU25
 155              		.loc 1 43 44 is_stmt 0 discriminator 3 view .LVU26
 156 0008 019B     		ldr	r3, [sp, #4]
 157 000a 0133     		adds	r3, r3, #1
 158 000c 0193     		str	r3, [sp, #4]
 159              	.L12:
 160              		.loc 1 43 32 is_stmt 1 discriminator 1 view .LVU27
 161              		.loc 1 43 34 is_stmt 0 discriminator 1 view .LVU28
 162 000e 019B     		ldr	r3, [sp, #4]
 163              		.loc 1 43 3 discriminator 1 view .LVU29
 164 0010 8342     		cmp	r3, r0
 165 0012 F9D3     		bcc	.L13
 166              	.LBE2:
  44:Core/Src/main.c **** }...
 167              		.loc 1 44 1 view .LVU30
 168 0014 02B0     		add	sp, sp, #8
 169              	.LCFI3:
 170              		.cfi_def_cfa_offset 0
 171              		@ sp needed
 172 0016 7047     		bx	lr
 173              		.cfi_endproc
 174              	.LFE74:
 176              		.global	TxBuffer
 177              		.global	RxBuffer
 178              		.global	CommandRecieved
ARM GAS  /tmp/ccuAZpFg.s 			page 5


 179              		.section	.bss.CommandRecieved,"aw",%nobits
 180              		.set	.LANCHOR0,. + 0
 183              	CommandRecieved:
 184 0000 00       		.space	1
 185              		.section	.bss.RxBuffer,"aw",%nobits
 186              		.align	2
 187              		.set	.LANCHOR1,. + 0
 190              	RxBuffer:
 191 0000 00000000 		.space	256
 191      00000000 
 191      00000000 
 191      00000000 
 191      00000000 
 192              		.section	.bss.TxBuffer,"aw",%nobits
 193              		.align	2
 196              	TxBuffer:
 197 0000 00000000 		.space	256
 197      00000000 
 197      00000000 
 197      00000000 
 197      00000000 
 198              		.text
 199              	.Letext0:
 200              		.file 2 "/home/seradya/toolchains/gcc-arm-none-eabi-10.3-2021.10/arm-none-eabi/include/machine/_de
 201              		.file 3 "/home/seradya/toolchains/gcc-arm-none-eabi-10.3-2021.10/arm-none-eabi/include/sys/_stdint
 202              		.file 4 "Core/Inc/usart.h"
 203              		.file 5 "Core/Inc/rcc.h"
 204              		.file 6 "Core/Inc/gpio.h"
 205              		.file 7 "<built-in>"
ARM GAS  /tmp/ccuAZpFg.s 			page 6


DEFINED SYMBOLS
                            *ABS*:0000000000000000 main.c
     /tmp/ccuAZpFg.s:18     .text.ExecuteCommand:0000000000000000 $t
     /tmp/ccuAZpFg.s:24     .text.ExecuteCommand:0000000000000000 ExecuteCommand
     /tmp/ccuAZpFg.s:59     .text.ExecuteCommand:0000000000000020 $d
     /tmp/ccuAZpFg.s:65     .text.main:0000000000000000 $t
     /tmp/ccuAZpFg.s:71     .text.main:0000000000000000 main
     /tmp/ccuAZpFg.s:120    .text.main:0000000000000030 $d
     /tmp/ccuAZpFg.s:126    .text.delay:0000000000000000 $t
     /tmp/ccuAZpFg.s:132    .text.delay:0000000000000000 delay
     /tmp/ccuAZpFg.s:196    .bss.TxBuffer:0000000000000000 TxBuffer
     /tmp/ccuAZpFg.s:190    .bss.RxBuffer:0000000000000000 RxBuffer
     /tmp/ccuAZpFg.s:183    .bss.CommandRecieved:0000000000000000 CommandRecieved
     /tmp/ccuAZpFg.s:184    .bss.CommandRecieved:0000000000000000 $d
     /tmp/ccuAZpFg.s:186    .bss.RxBuffer:0000000000000000 $d
     /tmp/ccuAZpFg.s:193    .bss.TxBuffer:0000000000000000 $d

UNDEFINED SYMBOLS
SendString
memset
sysclk_init
led_init
tim2_init
btn_init
usart_init
